Traceback (most recent call last):
  File "/opt/hostedtoolcache/Python/3.8.16/x64/lib/python3.8/site-packages/jupyter_cache/executors/utils.py", line 58, in single_nb_execution
    executenb(
  File "/opt/hostedtoolcache/Python/3.8.16/x64/lib/python3.8/site-packages/nbclient/client.py", line 1305, in execute
    return NotebookClient(nb=nb, resources=resources, km=km, **kwargs).execute()
  File "/opt/hostedtoolcache/Python/3.8.16/x64/lib/python3.8/site-packages/jupyter_core/utils/__init__.py", line 166, in wrapped
    return loop.run_until_complete(inner)
  File "/opt/hostedtoolcache/Python/3.8.16/x64/lib/python3.8/asyncio/base_events.py", line 616, in run_until_complete
    return future.result()
  File "/opt/hostedtoolcache/Python/3.8.16/x64/lib/python3.8/site-packages/nbclient/client.py", line 705, in async_execute
    await self.async_execute_cell(
  File "/opt/hostedtoolcache/Python/3.8.16/x64/lib/python3.8/site-packages/nbclient/client.py", line 1058, in async_execute_cell
    await self._check_raise_for_error(cell, cell_index, exec_reply)
  File "/opt/hostedtoolcache/Python/3.8.16/x64/lib/python3.8/site-packages/nbclient/client.py", line 914, in _check_raise_for_error
    raise CellExecutionError.from_cell_and_msg(cell, exec_reply_content)
nbclient.exceptions.CellExecutionError: An error occurred while executing the following cell:
------------------
explore()
exploit()
------------------

----- stdout -----
The satisfaction using a purely explorative method is 2231
The optimal restaurant was picked 34.33% of the time.
2 [ 8.09451401 17.18194652 26.14599605]
[ 8.09451401 17.18194652 26.14599605]
[  1.   1. 298.]
The satisfaction using a purely explorative method is 2930
------------------

[0;31m---------------------------------------------------------------------------[0m
[0;31mNameError[0m                                 Traceback (most recent call last)
Cell [0;32mIn[9], line 2[0m
[1;32m      1[0m explore()
[0;32m----> 2[0m [43mexploit[49m[43m([49m[43m)[49m

Cell [0;32mIn[8], line 38[0m, in [0;36mexploit[0;34m()[0m
[1;32m     35[0m [38;5;28mprint[39m(exploit)
[1;32m     37[0m [38;5;28mprint[39m([38;5;124mf[39m[38;5;124m'[39m[38;5;124mThe satisfaction using a purely explorative method is [39m[38;5;132;01m{[39;00m[38;5;28mround[39m(satisfaction)[38;5;132;01m}[39;00m[38;5;124m'[39m)
[0;32m---> 38[0m [38;5;28mprint[39m([38;5;124mf[39m[38;5;124m'[39m[38;5;124mThe optimal restaurant was picked [39m[38;5;132;01m{[39;00m[38;5;28mround[39m(percent,[38;5;241m2[39m)[38;5;132;01m}[39;00m[38;5;124m% of the time.[39m[38;5;124m'[39m)

[0;31mNameError[0m: name 'percent' is not defined

